Using pre-set license
Built from '2021.1/staging' branch; Version is '2021.1.17f1 (03b40fe07a36) revision 242703'; Using compiler version '192528614'; Build Type 'Release'
OS: 'Windows 10 Home; OS build 19043.1237; Version 2009; 64bit' Language: 'no' Physical Memory: 16314 MB
BatchMode: 1, IsHumanControllingUs: 0, StartBugReporterOnCrash: 0, Is64bit: 1, IsPro: 0

 COMMAND LINE ARGUMENTS:
C:\Program Files\Unity\Hub\Editor\2021.1.17f1\Editor\Unity.exe
-adb2
-batchMode
-noUpm
-name
AssetImportWorker0
-projectPath
C:/Unity Programmering/Repos_3D/Bloons FPS/Bloons_FPS/Bloons FPS
-logFile
Logs/AssetImportWorker0.log
-srvPort
49559
Successfully changed project path to: C:/Unity Programmering/Repos_3D/Bloons FPS/Bloons_FPS/Bloons FPS
C:/Unity Programmering/Repos_3D/Bloons FPS/Bloons_FPS/Bloons FPS
Using Asset Import Pipeline V2.
Refreshing native plugins compatible for Editor in 99.10 ms, found 3 plugins.
Preloading 0 native plugins for Editor in 0.00 ms.
Initialize engine version: 2021.1.17f1 (03b40fe07a36)
[Subsystems] Discovering subsystems at path C:/Program Files/Unity/Hub/Editor/2021.1.17f1/Editor/Data/Resources/UnitySubsystems
[Subsystems] Discovering subsystems at path C:/Unity Programmering/Repos_3D/Bloons FPS/Bloons_FPS/Bloons FPS/Assets
GfxDevice: creating device client; threaded=0; jobified=0
Direct3D:
    Version:  Direct3D 11.0 [level 11.1]
    Renderer: NVIDIA GeForce RTX 2060 (ID=0x1f08)
    Vendor:   NVIDIA
    VRAM:     5980 MB
    Driver:   27.21.14.5671
Initialize mono
Mono path[0] = 'C:/Program Files/Unity/Hub/Editor/2021.1.17f1/Editor/Data/Managed'
Mono path[1] = 'C:/Program Files/Unity/Hub/Editor/2021.1.17f1/Editor/Data/MonoBleedingEdge/lib/mono/unityjit'
Mono config path = 'C:/Program Files/Unity/Hub/Editor/2021.1.17f1/Editor/Data/MonoBleedingEdge/etc'
Using monoOptions --debugger-agent=transport=dt_socket,embedding=1,server=y,suspend=n,address=127.0.0.1:56348
Begin MonoManager ReloadAssembly
Registering precompiled unity dll's ...
Register platform support module: C:/Program Files/Unity/Hub/Editor/2021.1.17f1/Editor/Data/PlaybackEngines/WebGLSupport/UnityEditor.WebGL.Extensions.dll
Register platform support module: C:/Program Files/Unity/Hub/Editor/2021.1.17f1/Editor/Data/PlaybackEngines/WindowsStandaloneSupport/UnityEditor.WindowsStandalone.Extensions.dll
Registered in 0.002847 seconds.
Native extension for WindowsStandalone target not found
Native extension for WebGL target not found
Refreshing native plugins compatible for Editor in 98.38 ms, found 3 plugins.
Preloading 0 native plugins for Editor in 0.00 ms.
Mono: successfully reloaded assembly
- Completed reload, in  1.615 seconds
Domain Reload Profiling:
	ReloadAssembly (1615ms)
		BeginReloadAssembly (71ms)
			ExecutionOrderSort (0ms)
			DisableScriptedObjects (0ms)
			BackupInstance (0ms)
			ReleaseScriptingObjects (0ms)
			CreateAndSetChildDomain (1ms)
		EndReloadAssembly (493ms)
			LoadAssemblies (69ms)
			RebuildTransferFunctionScriptingTraits (0ms)
			SetupTypeCache (167ms)
			ReleaseScriptCaches (0ms)
			RebuildScriptCaches (31ms)
			SetupLoadedEditorAssemblies (245ms)
				LogAssemblyErrors (0ms)
				InitializePlatformSupportModulesInManaged (8ms)
				SetLoadedEditorAssemblies (0ms)
				RefreshPlugins (98ms)
				BeforeProcessingInitializeOnLoad (1ms)
				ProcessInitializeOnLoadAttributes (106ms)
				ProcessInitializeOnLoadMethodAttributes (31ms)
				AfterProcessingInitializeOnLoad (0ms)
				EditorAssembliesLoaded (0ms)
			ExecutionOrderSort2 (0ms)
			AwakeInstancesAfterBackupRestoration (0ms)
Platform modules already initialized, skipping
Registering precompiled user dll's ...
Registered in 0.007492 seconds.
Begin MonoManager ReloadAssembly
Symbol file LoadedFromMemory doesn't match image C:\Unity Programmering\Repos_3D\Bloons FPS\Bloons_FPS\Bloons FPS\Library\PackageCache\com.unity.visualscripting@1.6.1\Editor\VisualScripting.Core\Dependencies\YamlDotNet\Unity.VisualScripting.YamlDotNet.dll
Symbol file LoadedFromMemory doesn't match image C:\Unity Programmering\Repos_3D\Bloons FPS\Bloons_FPS\Bloons FPS\Library\PackageCache\com.unity.visualscripting@1.6.1\Editor\VisualScripting.Core\Dependencies\DotNetZip\Unity.VisualScripting.IonicZip.dll
Native extension for WindowsStandalone target not found
Native extension for WebGL target not found
Refreshing native plugins compatible for Editor in 0.73 ms, found 3 plugins.
Preloading 0 native plugins for Editor in 0.00 ms.
Mono: successfully reloaded assembly
- Completed reload, in  1.419 seconds
Domain Reload Profiling:
	ReloadAssembly (1420ms)
		BeginReloadAssembly (169ms)
			ExecutionOrderSort (0ms)
			DisableScriptedObjects (5ms)
			BackupInstance (0ms)
			ReleaseScriptingObjects (0ms)
			CreateAndSetChildDomain (18ms)
		EndReloadAssembly (1184ms)
			LoadAssemblies (107ms)
			RebuildTransferFunctionScriptingTraits (0ms)
			SetupTypeCache (362ms)
			ReleaseScriptCaches (1ms)
			RebuildScriptCaches (52ms)
			SetupLoadedEditorAssemblies (565ms)
				LogAssemblyErrors (0ms)
				InitializePlatformSupportModulesInManaged (6ms)
				SetLoadedEditorAssemblies (1ms)
				RefreshPlugins (1ms)
				BeforeProcessingInitializeOnLoad (82ms)
				ProcessInitializeOnLoadAttributes (463ms)
				ProcessInitializeOnLoadMethodAttributes (4ms)
				AfterProcessingInitializeOnLoad (8ms)
				EditorAssembliesLoaded (0ms)
			ExecutionOrderSort2 (0ms)
			AwakeInstancesAfterBackupRestoration (7ms)
Platform modules already initialized, skipping
========================================================================
Worker process is ready to serve import requests
Launched and connected shader compiler UnityShaderCompiler.exe after 0.05 seconds
Refreshing native plugins compatible for Editor in 0.70 ms, found 3 plugins.
Preloading 0 native plugins for Editor in 0.00 ms.
Unloading 3486 Unused Serialized files (Serialized files now loaded: 0)
System memory in use before: 155.2 MB.
System memory in use after: 155.1 MB.

Unloading 101 unused Assets to reduce memory usage. Loaded Objects now: 3943.
Total: 5.053100 ms (FindLiveObjects: 0.301100 ms CreateObjectMapping: 0.265400 ms MarkObjects: 4.060800 ms  DeleteObjects: 0.424500 ms)

AssetImportParameters requested are different than current active one (requested -> active):
  custom:framework-win-MediaFoundation: 216162199b28c13a410421893ffa2e32 -> 
  custom:video-decoder-ogg-theora: a1e56fd34408186e4bbccfd4996cb3dc -> 
  custom:container-muxer-webm: aa71ff27fc2769a1b78a27578f13a17b -> 
  custom:container-demuxer-webm: 4f35f7cbe854078d1ac9338744f61a02 -> 
  custom:container-demuxer-ogg: 62fdf1f143b41e24485cea50d1cbac27 -> 
  custom:video-encoder-webm-vp8: eb34c28f22e8b96e1ab97ce403110664 -> 
  custom:video-codec-MediaFoundation-h265: 746d11721c4dcdbdad8f713fa42b33f4 -> 
  custom:video-decoder-webm-vp8: 9c59270c3fd7afecdb556c50c9e8de78 -> 
  custom:audio-decoder-ogg-vorbis: bf7c407c2cedff20999df2af8eb42d56 -> 
  custom:audio-encoder-webm-vorbis: bf7c407c2cedff20999df2af8eb42d56 -> 
========================================================================
Received Import Request.
  path: Assets/Prefabs/Player.prefab
  artifactKey: Guid(721e9a7ad713fc940aa3495f8cec9bec) Importer(815301076,1909f56bfc062723c751e8b465ee728b)
Start importing Assets/Prefabs/Player.prefab using Guid(721e9a7ad713fc940aa3495f8cec9bec) Importer(815301076,1909f56bfc062723c751e8b465ee728b)  -> (artifact id: '56dab7f2dc883a7dceef45a5324c5bf1') in 0.109984 seconds 
========================================================================
Received Import Request.
  Time since last request: 9.997431 seconds.
  path: Assets/Prefabs/Bloons 2
  artifactKey: Guid(ebf8bfaea84b76a43a830f6f3289f120) Importer(815301076,1909f56bfc062723c751e8b465ee728b)
Start importing Assets/Prefabs/Bloons 2 using Guid(ebf8bfaea84b76a43a830f6f3289f120) Importer(815301076,1909f56bfc062723c751e8b465ee728b)  -> (artifact id: '40aa549231a503eceffd57b76313b02c') in 0.007291 seconds 
========================================================================
Received Import Request.
  Time since last request: 26.351419 seconds.
  path: Assets/Prefabs/Bloons 2/Pink Bloon (1).prefab
  artifactKey: Guid(2ea6cb36f22ace2448f20b46fc8cc5f6) Importer(815301076,1909f56bfc062723c751e8b465ee728b)
Start importing Assets/Prefabs/Bloons 2/Pink Bloon (1).prefab using Guid(2ea6cb36f22ace2448f20b46fc8cc5f6) Importer(815301076,1909f56bfc062723c751e8b465ee728b)  -> (artifact id: 'd9ab74638bdd5113b96f1e8fabcc1cae') in 0.064345 seconds 
========================================================================
Received Import Request.
  Time since last request: 47.820588 seconds.
  path: Assets/Prefabs/Bloons 2/Pink Bloon (1).prefab
  artifactKey: Guid(2ea6cb36f22ace2448f20b46fc8cc5f6) Importer(815301076,1909f56bfc062723c751e8b465ee728b)
Start importing Assets/Prefabs/Bloons 2/Pink Bloon (1).prefab using Guid(2ea6cb36f22ace2448f20b46fc8cc5f6) Importer(815301076,1909f56bfc062723c751e8b465ee728b)  -> (artifact id: '449e0d076d3104ba24f331889f819390') in 0.036777 seconds 
========================================================================
Received Import Request.
  Time since last request: 8.033788 seconds.
  path: Assets/Prefabs/Bloons 2/Pink Bloon (1).prefab
  artifactKey: Guid(2ea6cb36f22ace2448f20b46fc8cc5f6) Importer(815301076,1909f56bfc062723c751e8b465ee728b)
Start importing Assets/Prefabs/Bloons 2/Pink Bloon (1).prefab using Guid(2ea6cb36f22ace2448f20b46fc8cc5f6) Importer(815301076,1909f56bfc062723c751e8b465ee728b)  -> (artifact id: '628c9cc52c2142b42db9be87452baba6') in 0.037896 seconds 
========================================================================
Received Import Request.
  Time since last request: 4.197410 seconds.
  path: Assets/Prefabs/Bloons 2/Pink Bloon (1).prefab
  artifactKey: Guid(2ea6cb36f22ace2448f20b46fc8cc5f6) Importer(815301076,1909f56bfc062723c751e8b465ee728b)
Start importing Assets/Prefabs/Bloons 2/Pink Bloon (1).prefab using Guid(2ea6cb36f22ace2448f20b46fc8cc5f6) Importer(815301076,1909f56bfc062723c751e8b465ee728b)  -> (artifact id: '7af28a55f638354c7d3a81543ffe39cb') in 0.038522 seconds 
========================================================================
Received Import Request.
  Time since last request: 4.619642 seconds.
  path: Assets/Prefabs/Bloons 2/Pink Bloon (1).prefab
  artifactKey: Guid(2ea6cb36f22ace2448f20b46fc8cc5f6) Importer(815301076,1909f56bfc062723c751e8b465ee728b)
Start importing Assets/Prefabs/Bloons 2/Pink Bloon (1).prefab using Guid(2ea6cb36f22ace2448f20b46fc8cc5f6) Importer(815301076,1909f56bfc062723c751e8b465ee728b)  -> (artifact id: 'a7b1e408a30c167e3d6e48acb663bcdf') in 0.036451 seconds 
========================================================================
Received Import Request.
  Time since last request: 0.000151 seconds.
  path: Assets/Prefabs/Bloons 2/Yellow Bloon.prefab
  artifactKey: Guid(5e96a147266ef094483e0acee7e60d8b) Importer(815301076,1909f56bfc062723c751e8b465ee728b)
Start importing Assets/Prefabs/Bloons 2/Yellow Bloon.prefab using Guid(5e96a147266ef094483e0acee7e60d8b) Importer(815301076,1909f56bfc062723c751e8b465ee728b)  -> (artifact id: '90b6b07af3b57b9b25d914447cd9d8dc') in 0.033205 seconds 
========================================================================
Received Import Request.
  Time since last request: 22.956001 seconds.
  path: Assets/Prefabs/Bloons 2/Pink Bloon (1).prefab
  artifactKey: Guid(2ea6cb36f22ace2448f20b46fc8cc5f6) Importer(815301076,1909f56bfc062723c751e8b465ee728b)
Start importing Assets/Prefabs/Bloons 2/Pink Bloon (1).prefab using Guid(2ea6cb36f22ace2448f20b46fc8cc5f6) Importer(815301076,1909f56bfc062723c751e8b465ee728b)  -> (artifact id: '6a40e1265826b654aff16852fa45e02c') in 0.037903 seconds 
========================================================================
Received Import Request.
  Time since last request: 0.000154 seconds.
  path: Assets/Prefabs/Bloons 2/Yellow Bloon.prefab
  artifactKey: Guid(5e96a147266ef094483e0acee7e60d8b) Importer(815301076,1909f56bfc062723c751e8b465ee728b)
Start importing Assets/Prefabs/Bloons 2/Yellow Bloon.prefab using Guid(5e96a147266ef094483e0acee7e60d8b) Importer(815301076,1909f56bfc062723c751e8b465ee728b)  -> (artifact id: '2895aada39c924ad3a9a04ed57c414e2') in 0.030235 seconds 
========================================================================
Received Import Request.
  Time since last request: 3.325794 seconds.
  path: Assets/Prefabs/Bloons 2/Pink Bloon (1).prefab
  artifactKey: Guid(2ea6cb36f22ace2448f20b46fc8cc5f6) Importer(815301076,1909f56bfc062723c751e8b465ee728b)
Start importing Assets/Prefabs/Bloons 2/Pink Bloon (1).prefab using Guid(2ea6cb36f22ace2448f20b46fc8cc5f6) Importer(815301076,1909f56bfc062723c751e8b465ee728b)  -> (artifact id: 'd93fc77e24591c4978d6d6be76b75766') in 0.038860 seconds 
========================================================================
Received Import Request.
  Time since last request: 0.000156 seconds.
  path: Assets/Prefabs/Bloons 2/Yellow Bloon.prefab
  artifactKey: Guid(5e96a147266ef094483e0acee7e60d8b) Importer(815301076,1909f56bfc062723c751e8b465ee728b)
Start importing Assets/Prefabs/Bloons 2/Yellow Bloon.prefab using Guid(5e96a147266ef094483e0acee7e60d8b) Importer(815301076,1909f56bfc062723c751e8b465ee728b)  -> (artifact id: 'd14d04ca08c8e940218e62107b3045a2') in 0.030043 seconds 
========================================================================
Received Import Request.
  Time since last request: 6.954513 seconds.
  path: Assets/Prefabs/Bloons 2/Green Bloon.prefab
  artifactKey: Guid(9cffdafc2f178d54ba9cd91222f5fda7) Importer(815301076,1909f56bfc062723c751e8b465ee728b)
Start importing Assets/Prefabs/Bloons 2/Green Bloon.prefab using Guid(9cffdafc2f178d54ba9cd91222f5fda7) Importer(815301076,1909f56bfc062723c751e8b465ee728b)  -> (artifact id: '6b2a42bb699714343678bdb0dff6457a') in 0.029545 seconds 
========================================================================
Received Import Request.
  Time since last request: 0.000167 seconds.
  path: Assets/Prefabs/Bloons 2/Pink Bloon (1).prefab
  artifactKey: Guid(2ea6cb36f22ace2448f20b46fc8cc5f6) Importer(815301076,1909f56bfc062723c751e8b465ee728b)
Start importing Assets/Prefabs/Bloons 2/Pink Bloon (1).prefab using Guid(2ea6cb36f22ace2448f20b46fc8cc5f6) Importer(815301076,1909f56bfc062723c751e8b465ee728b)  -> (artifact id: 'b306bc5c102fef6d1063a71e1310df4f') in 0.036371 seconds 
========================================================================
Received Import Request.
  Time since last request: 0.000148 seconds.
  path: Assets/Prefabs/Bloons 2/Yellow Bloon.prefab
  artifactKey: Guid(5e96a147266ef094483e0acee7e60d8b) Importer(815301076,1909f56bfc062723c751e8b465ee728b)
Start importing Assets/Prefabs/Bloons 2/Yellow Bloon.prefab using Guid(5e96a147266ef094483e0acee7e60d8b) Importer(815301076,1909f56bfc062723c751e8b465ee728b)  -> (artifact id: '1d15b4266535f87b4760a3b232a39a7e') in 0.031082 seconds 
========================================================================
Received Import Request.
  Time since last request: 15.338317 seconds.
  path: Assets/Prefabs/Bloons 2/Green Bloon.prefab
  artifactKey: Guid(9cffdafc2f178d54ba9cd91222f5fda7) Importer(815301076,1909f56bfc062723c751e8b465ee728b)
Start importing Assets/Prefabs/Bloons 2/Green Bloon.prefab using Guid(9cffdafc2f178d54ba9cd91222f5fda7) Importer(815301076,1909f56bfc062723c751e8b465ee728b)  -> (artifact id: '0f77cfb5bdda89e632458ea24b29998b') in 0.024516 seconds 
========================================================================
Received Import Request.
  Time since last request: 0.000150 seconds.
  path: Assets/Prefabs/Bloons 2/Pink Bloon (1).prefab
  artifactKey: Guid(2ea6cb36f22ace2448f20b46fc8cc5f6) Importer(815301076,1909f56bfc062723c751e8b465ee728b)
Start importing Assets/Prefabs/Bloons 2/Pink Bloon (1).prefab using Guid(2ea6cb36f22ace2448f20b46fc8cc5f6) Importer(815301076,1909f56bfc062723c751e8b465ee728b)  -> (artifact id: 'fa3f541a014d140e34fa03870674a4c6') in 0.037680 seconds 
========================================================================
Received Import Request.
  Time since last request: 0.000167 seconds.
  path: Assets/Prefabs/Bloons 2/Yellow Bloon.prefab
  artifactKey: Guid(5e96a147266ef094483e0acee7e60d8b) Importer(815301076,1909f56bfc062723c751e8b465ee728b)
Start importing Assets/Prefabs/Bloons 2/Yellow Bloon.prefab using Guid(5e96a147266ef094483e0acee7e60d8b) Importer(815301076,1909f56bfc062723c751e8b465ee728b)  -> (artifact id: '04040a5697e895ebe74cd9d46d00cf23') in 0.029004 seconds 
========================================================================
Received Import Request.
  Time since last request: 0.716298 seconds.
  path: Assets/Prefabs/Bloons 2/Pink Bloon (1).prefab
  artifactKey: Guid(2ea6cb36f22ace2448f20b46fc8cc5f6) Importer(815301076,1909f56bfc062723c751e8b465ee728b)
Start importing Assets/Prefabs/Bloons 2/Pink Bloon (1).prefab using Guid(2ea6cb36f22ace2448f20b46fc8cc5f6) Importer(815301076,1909f56bfc062723c751e8b465ee728b)  -> (artifact id: '36b3f240a7b385fb1a782f41143f8950') in 0.037950 seconds 
========================================================================
Received Import Request.
  Time since last request: 0.000137 seconds.
  path: Assets/Prefabs/Bloons 2/Yellow Bloon.prefab
  artifactKey: Guid(5e96a147266ef094483e0acee7e60d8b) Importer(815301076,1909f56bfc062723c751e8b465ee728b)
Start importing Assets/Prefabs/Bloons 2/Yellow Bloon.prefab using Guid(5e96a147266ef094483e0acee7e60d8b) Importer(815301076,1909f56bfc062723c751e8b465ee728b)  -> (artifact id: 'eade4dec1247ee2d3604cde1c577685e') in 0.032204 seconds 
========================================================================
Received Import Request.
  Time since last request: 3.002791 seconds.
  path: Assets/Prefabs/Bloons 2/Green Bloon.prefab
  artifactKey: Guid(9cffdafc2f178d54ba9cd91222f5fda7) Importer(815301076,1909f56bfc062723c751e8b465ee728b)
Start importing Assets/Prefabs/Bloons 2/Green Bloon.prefab using Guid(9cffdafc2f178d54ba9cd91222f5fda7) Importer(815301076,1909f56bfc062723c751e8b465ee728b)  -> (artifact id: 'b678fb666c1dc582f45c5c8ce3658f1d') in 0.024727 seconds 
========================================================================
Received Import Request.
  Time since last request: 0.000153 seconds.
  path: Assets/Prefabs/Bloons 2/Pink Bloon (1).prefab
  artifactKey: Guid(2ea6cb36f22ace2448f20b46fc8cc5f6) Importer(815301076,1909f56bfc062723c751e8b465ee728b)
Start importing Assets/Prefabs/Bloons 2/Pink Bloon (1).prefab using Guid(2ea6cb36f22ace2448f20b46fc8cc5f6) Importer(815301076,1909f56bfc062723c751e8b465ee728b)  -> (artifact id: '3413b865c17c05d6dd8dc1371cc00506') in 0.038374 seconds 
========================================================================
Received Import Request.
  Time since last request: 0.000149 seconds.
  path: Assets/Prefabs/Bloons 2/Yellow Bloon.prefab
  artifactKey: Guid(5e96a147266ef094483e0acee7e60d8b) Importer(815301076,1909f56bfc062723c751e8b465ee728b)
Start importing Assets/Prefabs/Bloons 2/Yellow Bloon.prefab using Guid(5e96a147266ef094483e0acee7e60d8b) Importer(815301076,1909f56bfc062723c751e8b465ee728b)  -> (artifact id: 'da245a792ae1989000cae3dda07b70bf') in 0.030122 seconds 
========================================================================
Received Import Request.
  Time since last request: 0.688133 seconds.
  path: Assets/Prefabs/Bloons 2/Pink Bloon (1).prefab
  artifactKey: Guid(2ea6cb36f22ace2448f20b46fc8cc5f6) Importer(815301076,1909f56bfc062723c751e8b465ee728b)
Start importing Assets/Prefabs/Bloons 2/Pink Bloon (1).prefab using Guid(2ea6cb36f22ace2448f20b46fc8cc5f6) Importer(815301076,1909f56bfc062723c751e8b465ee728b)  -> (artifact id: '2f63878a7c0e78d13be133cf361578c0') in 0.038818 seconds 
========================================================================
Received Import Request.
  Time since last request: 0.000166 seconds.
  path: Assets/Prefabs/Bloons 2/Yellow Bloon.prefab
  artifactKey: Guid(5e96a147266ef094483e0acee7e60d8b) Importer(815301076,1909f56bfc062723c751e8b465ee728b)
Start importing Assets/Prefabs/Bloons 2/Yellow Bloon.prefab using Guid(5e96a147266ef094483e0acee7e60d8b) Importer(815301076,1909f56bfc062723c751e8b465ee728b)  -> (artifact id: '8e440f4013c70f09d1b7ce835b8854fe') in 0.030355 seconds 
========================================================================
Received Import Request.
  Time since last request: 14.433227 seconds.
  path: Assets/Prefabs/Bloons 2/Blue Bloon.prefab
  artifactKey: Guid(fcd620c4c418f464cb5e532f56234c41) Importer(815301076,1909f56bfc062723c751e8b465ee728b)
Start importing Assets/Prefabs/Bloons 2/Blue Bloon.prefab using Guid(fcd620c4c418f464cb5e532f56234c41) Importer(815301076,1909f56bfc062723c751e8b465ee728b)  -> (artifact id: '9605c71be7da591029fee76f999d2011') in 0.019833 seconds 
========================================================================
Received Import Request.
  Time since last request: 0.887070 seconds.
  path: Assets/Prefabs/Bloons 2/Green Bloon.prefab
  artifactKey: Guid(9cffdafc2f178d54ba9cd91222f5fda7) Importer(815301076,1909f56bfc062723c751e8b465ee728b)
Start importing Assets/Prefabs/Bloons 2/Green Bloon.prefab using Guid(9cffdafc2f178d54ba9cd91222f5fda7) Importer(815301076,1909f56bfc062723c751e8b465ee728b)  -> (artifact id: '6dd12ffcfa028daf1b40ad00095a9d68') in 0.024397 seconds 
========================================================================
Received Import Request.
  Time since last request: 0.000142 seconds.
  path: Assets/Prefabs/Bloons 2/Pink Bloon (1).prefab
  artifactKey: Guid(2ea6cb36f22ace2448f20b46fc8cc5f6) Importer(815301076,1909f56bfc062723c751e8b465ee728b)
Start importing Assets/Prefabs/Bloons 2/Pink Bloon (1).prefab using Guid(2ea6cb36f22ace2448f20b46fc8cc5f6) Importer(815301076,1909f56bfc062723c751e8b465ee728b)  -> (artifact id: '975f9c9429df5b96c5def0dd7681f0e3') in 0.036978 seconds 
========================================================================
Received Import Request.
  Time since last request: 0.000135 seconds.
  path: Assets/Prefabs/Bloons 2/Yellow Bloon.prefab
  artifactKey: Guid(5e96a147266ef094483e0acee7e60d8b) Importer(815301076,1909f56bfc062723c751e8b465ee728b)
Start importing Assets/Prefabs/Bloons 2/Yellow Bloon.prefab using Guid(5e96a147266ef094483e0acee7e60d8b) Importer(815301076,1909f56bfc062723c751e8b465ee728b)  -> (artifact id: 'ed0b400ccd2bf9cf541fc76f457d32eb') in 0.030673 seconds 
========================================================================
Received Import Request.
  Time since last request: 0.697392 seconds.
  path: Assets/Prefabs/Bloons 2/Pink Bloon (1).prefab
  artifactKey: Guid(2ea6cb36f22ace2448f20b46fc8cc5f6) Importer(815301076,1909f56bfc062723c751e8b465ee728b)
Start importing Assets/Prefabs/Bloons 2/Pink Bloon (1).prefab using Guid(2ea6cb36f22ace2448f20b46fc8cc5f6) Importer(815301076,1909f56bfc062723c751e8b465ee728b)  -> (artifact id: '2fb37d57a2e8d1f38b0013ff669376ee') in 0.034957 seconds 
========================================================================
Received Import Request.
  Time since last request: 0.000147 seconds.
  path: Assets/Prefabs/Bloons 2/Yellow Bloon.prefab
  artifactKey: Guid(5e96a147266ef094483e0acee7e60d8b) Importer(815301076,1909f56bfc062723c751e8b465ee728b)
Start importing Assets/Prefabs/Bloons 2/Yellow Bloon.prefab using Guid(5e96a147266ef094483e0acee7e60d8b) Importer(815301076,1909f56bfc062723c751e8b465ee728b)  -> (artifact id: '483c0cd1e3bd3cd37558d3374797dbb1') in 0.032281 seconds 
========================================================================
Received Import Request.
  Time since last request: 7.413312 seconds.
  path: Assets/Prefabs/Bloons 2/Green Bloon.prefab
  artifactKey: Guid(9cffdafc2f178d54ba9cd91222f5fda7) Importer(815301076,1909f56bfc062723c751e8b465ee728b)
Start importing Assets/Prefabs/Bloons 2/Green Bloon.prefab using Guid(9cffdafc2f178d54ba9cd91222f5fda7) Importer(815301076,1909f56bfc062723c751e8b465ee728b)  -> (artifact id: '4f95bec03e978a55b6b542edaeb14547') in 0.024684 seconds 
========================================================================
Received Import Request.
  Time since last request: 0.000183 seconds.
  path: Assets/Prefabs/Bloons 2/Pink Bloon (1).prefab
  artifactKey: Guid(2ea6cb36f22ace2448f20b46fc8cc5f6) Importer(815301076,1909f56bfc062723c751e8b465ee728b)
Start importing Assets/Prefabs/Bloons 2/Pink Bloon (1).prefab using Guid(2ea6cb36f22ace2448f20b46fc8cc5f6) Importer(815301076,1909f56bfc062723c751e8b465ee728b)  -> (artifact id: '704b90acdab09ed8e22605a0af11c059') in 0.038660 seconds 
========================================================================
Received Import Request.
  Time since last request: 0.000164 seconds.
  path: Assets/Prefabs/Bloons 2/Yellow Bloon.prefab
  artifactKey: Guid(5e96a147266ef094483e0acee7e60d8b) Importer(815301076,1909f56bfc062723c751e8b465ee728b)
Start importing Assets/Prefabs/Bloons 2/Yellow Bloon.prefab using Guid(5e96a147266ef094483e0acee7e60d8b) Importer(815301076,1909f56bfc062723c751e8b465ee728b)  -> (artifact id: 'fe7cd9cd40cad959995e11ee8fe69c77') in 0.029792 seconds 
========================================================================
Received Import Request.
  Time since last request: 12.933476 seconds.
  path: Assets/Prefabs/Bloons 2/Pink Bloon (1).prefab
  artifactKey: Guid(2ea6cb36f22ace2448f20b46fc8cc5f6) Importer(815301076,1909f56bfc062723c751e8b465ee728b)
Start importing Assets/Prefabs/Bloons 2/Pink Bloon (1).prefab using Guid(2ea6cb36f22ace2448f20b46fc8cc5f6) Importer(815301076,1909f56bfc062723c751e8b465ee728b)  -> (artifact id: 'aea329e7281957d7660abce9fd0dd226') in 0.037596 seconds 
========================================================================
Received Import Request.
  Time since last request: 7.530935 seconds.
  path: Assets/Prefabs/Bloons 2/Pink Bloon (1).prefab
  artifactKey: Guid(2ea6cb36f22ace2448f20b46fc8cc5f6) Importer(815301076,1909f56bfc062723c751e8b465ee728b)
Start importing Assets/Prefabs/Bloons 2/Pink Bloon (1).prefab using Guid(2ea6cb36f22ace2448f20b46fc8cc5f6) Importer(815301076,1909f56bfc062723c751e8b465ee728b)  -> (artifact id: '71e2b29bda9aea29929f8e0e05446071') in 0.036347 seconds 
========================================================================
Received Import Request.
  Time since last request: 0.000143 seconds.
  path: Assets/Prefabs/Bloons 2/Yellow Bloon.prefab
  artifactKey: Guid(5e96a147266ef094483e0acee7e60d8b) Importer(815301076,1909f56bfc062723c751e8b465ee728b)
Start importing Assets/Prefabs/Bloons 2/Yellow Bloon.prefab using Guid(5e96a147266ef094483e0acee7e60d8b) Importer(815301076,1909f56bfc062723c751e8b465ee728b)  -> (artifact id: '1892d0849357a38bcbbc18f615174d12') in 0.032219 seconds 
========================================================================
Received Import Request.
  Time since last request: 60.096547 seconds.
  path: Assets/Prefabs/Bloons 2/Pink Bloon (1).prefab
  artifactKey: Guid(2ea6cb36f22ace2448f20b46fc8cc5f6) Importer(815301076,1909f56bfc062723c751e8b465ee728b)
Start importing Assets/Prefabs/Bloons 2/Pink Bloon (1).prefab using Guid(2ea6cb36f22ace2448f20b46fc8cc5f6) Importer(815301076,1909f56bfc062723c751e8b465ee728b)  -> (artifact id: 'ddd30d5aab1a8d91b265319641b7d093') in 0.037144 seconds 
========================================================================
Received Import Request.
  Time since last request: 29.302946 seconds.
  path: Assets/Bloons/BloonType.cs
  artifactKey: Guid(6a8df20ac42fa84408a32a1c3fdddecd) Importer(815301076,1909f56bfc062723c751e8b465ee728b)
Start importing Assets/Bloons/BloonType.cs using Guid(6a8df20ac42fa84408a32a1c3fdddecd) Importer(815301076,1909f56bfc062723c751e8b465ee728b)  -> (artifact id: '9dbd37eb40c8a62fe590aec0f8d4fe4c') in 0.011964 seconds 
========================================================================
Received Import Request.
  Time since last request: 149.442889 seconds.
  path: Assets/Bloons/BloonType.cs
  artifactKey: Guid(6a8df20ac42fa84408a32a1c3fdddecd) Importer(815301076,1909f56bfc062723c751e8b465ee728b)
Start importing Assets/Bloons/BloonType.cs using Guid(6a8df20ac42fa84408a32a1c3fdddecd) Importer(815301076,1909f56bfc062723c751e8b465ee728b)  -> (artifact id: '9b9733e890b4cbf73a8c1f5ba5f7af42') in 0.002309 seconds 
========================================================================
Received Import Request.
  Time since last request: 28.151904 seconds.
  path: Assets/Bloons/BloonType.cs
  artifactKey: Guid(6a8df20ac42fa84408a32a1c3fdddecd) Importer(815301076,1909f56bfc062723c751e8b465ee728b)
Start importing Assets/Bloons/BloonType.cs using Guid(6a8df20ac42fa84408a32a1c3fdddecd) Importer(815301076,1909f56bfc062723c751e8b465ee728b)  -> (artifact id: 'ba88bc607cf00dc68e559ac970374e85') in 0.002742 seconds 
========================================================================
Received Prepare
Registering precompiled user dll's ...
Registered in 0.006613 seconds.
Begin MonoManager ReloadAssembly
Symbol file LoadedFromMemory doesn't match image C:\Unity Programmering\Repos_3D\Bloons FPS\Bloons_FPS\Bloons FPS\Library\PackageCache\com.unity.visualscripting@1.6.1\Editor\VisualScripting.Core\Dependencies\YamlDotNet\Unity.VisualScripting.YamlDotNet.dll
Symbol file LoadedFromMemory doesn't match image C:\Unity Programmering\Repos_3D\Bloons FPS\Bloons_FPS\Bloons FPS\Library\PackageCache\com.unity.visualscripting@1.6.1\Editor\VisualScripting.Core\Dependencies\DotNetZip\Unity.VisualScripting.IonicZip.dll
Native extension for WindowsStandalone target not found
Native extension for WebGL target not found
Refreshing native plugins compatible for Editor in 0.73 ms, found 3 plugins.
Preloading 0 native plugins for Editor in 0.00 ms.
Warning: Annotation not found!
UnityEngine.StackTraceUtility:ExtractStackTrace ()
UnityEditor.ProBuilder.EditorUtility:SetGizmoIconEnabled (System.Type,bool) (at Library/PackageCache/com.unity.probuilder@5.0.3/Editor/EditorCore/EditorUtility.cs:575)
UnityEditor.ProBuilder.HierarchyListener:.cctor () (at Library/PackageCache/com.unity.probuilder@5.0.3/Editor/EditorCore/HierarchyListener.cs:21)
System.Runtime.CompilerServices.RuntimeHelpers:RunClassConstructor (System.RuntimeTypeHandle)
UnityEditor.EditorAssemblies:ProcessInitializeOnLoadAttributes (System.Type[])

[Library/PackageCache/com.unity.probuilder@5.0.3/Editor/EditorCore/EditorUtility.cs line 575]

Mono: successfully reloaded assembly
- Completed reload, in  1.245 seconds
Domain Reload Profiling:
	ReloadAssembly (1246ms)
		BeginReloadAssembly (147ms)
			ExecutionOrderSort (0ms)
			DisableScriptedObjects (5ms)
			BackupInstance (0ms)
			ReleaseScriptingObjects (0ms)
			CreateAndSetChildDomain (38ms)
		EndReloadAssembly (1031ms)
			LoadAssemblies (105ms)
			RebuildTransferFunctionScriptingTraits (0ms)
			SetupTypeCache (363ms)
			ReleaseScriptCaches (1ms)
			RebuildScriptCaches (46ms)
			SetupLoadedEditorAssemblies (417ms)
				LogAssemblyErrors (0ms)
				InitializePlatformSupportModulesInManaged (6ms)
				SetLoadedEditorAssemblies (1ms)
				RefreshPlugins (1ms)
				BeforeProcessingInitializeOnLoad (62ms)
				ProcessInitializeOnLoadAttributes (335ms)
				ProcessInitializeOnLoadMethodAttributes (4ms)
				AfterProcessingInitializeOnLoad (8ms)
				EditorAssembliesLoaded (0ms)
			ExecutionOrderSort2 (0ms)
			AwakeInstancesAfterBackupRestoration (7ms)
Platform modules already initialized, skipping
Refreshing native plugins compatible for Editor in 0.77 ms, found 3 plugins.
Preloading 0 native plugins for Editor in 0.00 ms.
Unloading 3412 Unused Serialized files (Serialized files now loaded: 0)
System memory in use before: 153.4 MB.
System memory in use after: 153.3 MB.

Unloading 20 unused Assets to reduce memory usage. Loaded Objects now: 3954.
Total: 3.804300 ms (FindLiveObjects: 0.278900 ms CreateObjectMapping: 0.079700 ms MarkObjects: 3.210500 ms  DeleteObjects: 0.234400 ms)

AssetImportParameters requested are different than current active one (requested -> active):
  custom:framework-win-MediaFoundation: 216162199b28c13a410421893ffa2e32 -> 
  custom:video-decoder-ogg-theora: a1e56fd34408186e4bbccfd4996cb3dc -> 
  custom:container-muxer-webm: aa71ff27fc2769a1b78a27578f13a17b -> 
  custom:container-demuxer-webm: 4f35f7cbe854078d1ac9338744f61a02 -> 
  custom:container-demuxer-ogg: 62fdf1f143b41e24485cea50d1cbac27 -> 
  custom:video-encoder-webm-vp8: eb34c28f22e8b96e1ab97ce403110664 -> 
  custom:video-codec-MediaFoundation-h265: 746d11721c4dcdbdad8f713fa42b33f4 -> 
  custom:video-decoder-webm-vp8: 9c59270c3fd7afecdb556c50c9e8de78 -> 
  custom:audio-decoder-ogg-vorbis: bf7c407c2cedff20999df2af8eb42d56 -> 
  custom:audio-encoder-webm-vorbis: bf7c407c2cedff20999df2af8eb42d56 -> 
========================================================================
Received Prepare
Registering precompiled user dll's ...
Registered in 0.006576 seconds.
Begin MonoManager ReloadAssembly
Symbol file LoadedFromMemory doesn't match image C:\Unity Programmering\Repos_3D\Bloons FPS\Bloons_FPS\Bloons FPS\Library\PackageCache\com.unity.visualscripting@1.6.1\Editor\VisualScripting.Core\Dependencies\YamlDotNet\Unity.VisualScripting.YamlDotNet.dll
Symbol file LoadedFromMemory doesn't match image C:\Unity Programmering\Repos_3D\Bloons FPS\Bloons_FPS\Bloons FPS\Library\PackageCache\com.unity.visualscripting@1.6.1\Editor\VisualScripting.Core\Dependencies\DotNetZip\Unity.VisualScripting.IonicZip.dll
Native extension for WindowsStandalone target not found
Native extension for WebGL target not found
Refreshing native plugins compatible for Editor in 0.74 ms, found 3 plugins.
Preloading 0 native plugins for Editor in 0.00 ms.
Warning: Annotation not found!
UnityEngine.StackTraceUtility:ExtractStackTrace ()
UnityEditor.ProBuilder.EditorUtility:SetGizmoIconEnabled (System.Type,bool) (at Library/PackageCache/com.unity.probuilder@5.0.3/Editor/EditorCore/EditorUtility.cs:575)
UnityEditor.ProBuilder.HierarchyListener:.cctor () (at Library/PackageCache/com.unity.probuilder@5.0.3/Editor/EditorCore/HierarchyListener.cs:21)
System.Runtime.CompilerServices.RuntimeHelpers:RunClassConstructor (System.RuntimeTypeHandle)
UnityEditor.EditorAssemblies:ProcessInitializeOnLoadAttributes (System.Type[])

[Library/PackageCache/com.unity.probuilder@5.0.3/Editor/EditorCore/EditorUtility.cs line 575]

Mono: successfully reloaded assembly
- Completed reload, in  1.244 seconds
Domain Reload Profiling:
	ReloadAssembly (1244ms)
		BeginReloadAssembly (134ms)
			ExecutionOrderSort (0ms)
			DisableScriptedObjects (6ms)
			BackupInstance (0ms)
			ReleaseScriptingObjects (0ms)
			CreateAndSetChildDomain (35ms)
		EndReloadAssembly (1039ms)
			LoadAssemblies (102ms)
			RebuildTransferFunctionScriptingTraits (0ms)
			SetupTypeCache (371ms)
			ReleaseScriptCaches (1ms)
			RebuildScriptCaches (42ms)
			SetupLoadedEditorAssemblies (421ms)
				LogAssemblyErrors (0ms)
				InitializePlatformSupportModulesInManaged (6ms)
				SetLoadedEditorAssemblies (0ms)
				RefreshPlugins (1ms)
				BeforeProcessingInitializeOnLoad (63ms)
				ProcessInitializeOnLoadAttributes (338ms)
				ProcessInitializeOnLoadMethodAttributes (4ms)
				AfterProcessingInitializeOnLoad (8ms)
				EditorAssembliesLoaded (0ms)
			ExecutionOrderSort2 (0ms)
			AwakeInstancesAfterBackupRestoration (8ms)
Platform modules already initialized, skipping
Refreshing native plugins compatible for Editor in 0.79 ms, found 3 plugins.
Preloading 0 native plugins for Editor in 0.00 ms.
Unloading 3412 Unused Serialized files (Serialized files now loaded: 0)
System memory in use before: 153.4 MB.
System memory in use after: 153.3 MB.

Unloading 19 unused Assets to reduce memory usage. Loaded Objects now: 3956.
Total: 4.090100 ms (FindLiveObjects: 0.327900 ms CreateObjectMapping: 0.086300 ms MarkObjects: 3.422100 ms  DeleteObjects: 0.252600 ms)

AssetImportParameters requested are different than current active one (requested -> active):
  custom:framework-win-MediaFoundation: 216162199b28c13a410421893ffa2e32 -> 
  custom:video-decoder-ogg-theora: a1e56fd34408186e4bbccfd4996cb3dc -> 
  custom:container-muxer-webm: aa71ff27fc2769a1b78a27578f13a17b -> 
  custom:container-demuxer-webm: 4f35f7cbe854078d1ac9338744f61a02 -> 
  custom:container-demuxer-ogg: 62fdf1f143b41e24485cea50d1cbac27 -> 
  custom:video-encoder-webm-vp8: eb34c28f22e8b96e1ab97ce403110664 -> 
  custom:video-codec-MediaFoundation-h265: 746d11721c4dcdbdad8f713fa42b33f4 -> 
  custom:video-decoder-webm-vp8: 9c59270c3fd7afecdb556c50c9e8de78 -> 
  custom:audio-decoder-ogg-vorbis: bf7c407c2cedff20999df2af8eb42d56 -> 
  custom:audio-encoder-webm-vorbis: bf7c407c2cedff20999df2af8eb42d56 -> 
========================================================================
Received Prepare
Registering precompiled user dll's ...
Registered in 0.006413 seconds.
Begin MonoManager ReloadAssembly
Symbol file LoadedFromMemory doesn't match image C:\Unity Programmering\Repos_3D\Bloons FPS\Bloons_FPS\Bloons FPS\Library\PackageCache\com.unity.visualscripting@1.6.1\Editor\VisualScripting.Core\Dependencies\YamlDotNet\Unity.VisualScripting.YamlDotNet.dll
Symbol file LoadedFromMemory doesn't match image C:\Unity Programmering\Repos_3D\Bloons FPS\Bloons_FPS\Bloons FPS\Library\PackageCache\com.unity.visualscripting@1.6.1\Editor\VisualScripting.Core\Dependencies\DotNetZip\Unity.VisualScripting.IonicZip.dll
Native extension for WindowsStandalone target not found
Native extension for WebGL target not found
Refreshing native plugins compatible for Editor in 0.73 ms, found 3 plugins.
Preloading 0 native plugins for Editor in 0.00 ms.
Warning: Annotation not found!
UnityEngine.StackTraceUtility:ExtractStackTrace ()
UnityEditor.ProBuilder.EditorUtility:SetGizmoIconEnabled (System.Type,bool) (at Library/PackageCache/com.unity.probuilder@5.0.3/Editor/EditorCore/EditorUtility.cs:575)
UnityEditor.ProBuilder.HierarchyListener:.cctor () (at Library/PackageCache/com.unity.probuilder@5.0.3/Editor/EditorCore/HierarchyListener.cs:21)
System.Runtime.CompilerServices.RuntimeHelpers:RunClassConstructor (System.RuntimeTypeHandle)
UnityEditor.EditorAssemblies:ProcessInitializeOnLoadAttributes (System.Type[])

[Library/PackageCache/com.unity.probuilder@5.0.3/Editor/EditorCore/EditorUtility.cs line 575]

Mono: successfully reloaded assembly
- Completed reload, in  1.225 seconds
Domain Reload Profiling:
	ReloadAssembly (1226ms)
		BeginReloadAssembly (131ms)
			ExecutionOrderSort (0ms)
			DisableScriptedObjects (5ms)
			BackupInstance (0ms)
			ReleaseScriptingObjects (0ms)
			CreateAndSetChildDomain (35ms)
		EndReloadAssembly (1025ms)
			LoadAssemblies (106ms)
			RebuildTransferFunctionScriptingTraits (0ms)
			SetupTypeCache (363ms)
			ReleaseScriptCaches (1ms)
			RebuildScriptCaches (44ms)
			SetupLoadedEditorAssemblies (413ms)
				LogAssemblyErrors (0ms)
				InitializePlatformSupportModulesInManaged (6ms)
				SetLoadedEditorAssemblies (0ms)
				RefreshPlugins (1ms)
				BeforeProcessingInitializeOnLoad (63ms)
				ProcessInitializeOnLoadAttributes (329ms)
				ProcessInitializeOnLoadMethodAttributes (5ms)
				AfterProcessingInitializeOnLoad (8ms)
				EditorAssembliesLoaded (0ms)
			ExecutionOrderSort2 (0ms)
			AwakeInstancesAfterBackupRestoration (7ms)
Platform modules already initialized, skipping
Refreshing native plugins compatible for Editor in 0.75 ms, found 3 plugins.
Preloading 0 native plugins for Editor in 0.00 ms.
Unloading 3412 Unused Serialized files (Serialized files now loaded: 0)
System memory in use before: 153.5 MB.
System memory in use after: 153.4 MB.

Unloading 19 unused Assets to reduce memory usage. Loaded Objects now: 3958.
Total: 3.942800 ms (FindLiveObjects: 0.336900 ms CreateObjectMapping: 0.085700 ms MarkObjects: 3.270200 ms  DeleteObjects: 0.248800 ms)

AssetImportParameters requested are different than current active one (requested -> active):
  custom:framework-win-MediaFoundation: 216162199b28c13a410421893ffa2e32 -> 
  custom:video-decoder-ogg-theora: a1e56fd34408186e4bbccfd4996cb3dc -> 
  custom:container-muxer-webm: aa71ff27fc2769a1b78a27578f13a17b -> 
  custom:container-demuxer-webm: 4f35f7cbe854078d1ac9338744f61a02 -> 
  custom:container-demuxer-ogg: 62fdf1f143b41e24485cea50d1cbac27 -> 
  custom:video-encoder-webm-vp8: eb34c28f22e8b96e1ab97ce403110664 -> 
  custom:video-codec-MediaFoundation-h265: 746d11721c4dcdbdad8f713fa42b33f4 -> 
  custom:video-decoder-webm-vp8: 9c59270c3fd7afecdb556c50c9e8de78 -> 
  custom:audio-decoder-ogg-vorbis: bf7c407c2cedff20999df2af8eb42d56 -> 
  custom:audio-encoder-webm-vorbis: bf7c407c2cedff20999df2af8eb42d56 -> 
========================================================================
Received Prepare
Registering precompiled user dll's ...
Registered in 0.006744 seconds.
Begin MonoManager ReloadAssembly
Symbol file LoadedFromMemory doesn't match image C:\Unity Programmering\Repos_3D\Bloons FPS\Bloons_FPS\Bloons FPS\Library\PackageCache\com.unity.visualscripting@1.6.1\Editor\VisualScripting.Core\Dependencies\YamlDotNet\Unity.VisualScripting.YamlDotNet.dll
Symbol file LoadedFromMemory doesn't match image C:\Unity Programmering\Repos_3D\Bloons FPS\Bloons_FPS\Bloons FPS\Library\PackageCache\com.unity.visualscripting@1.6.1\Editor\VisualScripting.Core\Dependencies\DotNetZip\Unity.VisualScripting.IonicZip.dll
Native extension for WindowsStandalone target not found
Native extension for WebGL target not found
Refreshing native plugins compatible for Editor in 0.94 ms, found 3 plugins.
Preloading 0 native plugins for Editor in 0.00 ms.
Warning: Annotation not found!
UnityEngine.StackTraceUtility:ExtractStackTrace ()
UnityEditor.ProBuilder.EditorUtility:SetGizmoIconEnabled (System.Type,bool) (at Library/PackageCache/com.unity.probuilder@5.0.3/Editor/EditorCore/EditorUtility.cs:575)
UnityEditor.ProBuilder.HierarchyListener:.cctor () (at Library/PackageCache/com.unity.probuilder@5.0.3/Editor/EditorCore/HierarchyListener.cs:21)
System.Runtime.CompilerServices.RuntimeHelpers:RunClassConstructor (System.RuntimeTypeHandle)
UnityEditor.EditorAssemblies:ProcessInitializeOnLoadAttributes (System.Type[])

[Library/PackageCache/com.unity.probuilder@5.0.3/Editor/EditorCore/EditorUtility.cs line 575]

Mono: successfully reloaded assembly
- Completed reload, in  1.238 seconds
Domain Reload Profiling:
	ReloadAssembly (1238ms)
		BeginReloadAssembly (143ms)
			ExecutionOrderSort (0ms)
			DisableScriptedObjects (5ms)
			BackupInstance (0ms)
			ReleaseScriptingObjects (0ms)
			CreateAndSetChildDomain (36ms)
		EndReloadAssembly (1024ms)
			LoadAssemblies (107ms)
			RebuildTransferFunctionScriptingTraits (0ms)
			SetupTypeCache (358ms)
			ReleaseScriptCaches (1ms)
			RebuildScriptCaches (40ms)
			SetupLoadedEditorAssemblies (420ms)
				LogAssemblyErrors (0ms)
				InitializePlatformSupportModulesInManaged (6ms)
				SetLoadedEditorAssemblies (0ms)
				RefreshPlugins (1ms)
				BeforeProcessingInitializeOnLoad (65ms)
				ProcessInitializeOnLoadAttributes (335ms)
				ProcessInitializeOnLoadMethodAttributes (5ms)
				AfterProcessingInitializeOnLoad (8ms)
				EditorAssembliesLoaded (0ms)
			ExecutionOrderSort2 (0ms)
			AwakeInstancesAfterBackupRestoration (7ms)
Platform modules already initialized, skipping
Refreshing native plugins compatible for Editor in 0.75 ms, found 3 plugins.
Preloading 0 native plugins for Editor in 0.00 ms.
Unloading 3412 Unused Serialized files (Serialized files now loaded: 0)
System memory in use before: 153.5 MB.
System memory in use after: 153.4 MB.

Unloading 19 unused Assets to reduce memory usage. Loaded Objects now: 3960.
Total: 3.854800 ms (FindLiveObjects: 0.290100 ms CreateObjectMapping: 0.106300 ms MarkObjects: 3.215500 ms  DeleteObjects: 0.241900 ms)

AssetImportParameters requested are different than current active one (requested -> active):
  custom:framework-win-MediaFoundation: 216162199b28c13a410421893ffa2e32 -> 
  custom:video-decoder-ogg-theora: a1e56fd34408186e4bbccfd4996cb3dc -> 
  custom:container-muxer-webm: aa71ff27fc2769a1b78a27578f13a17b -> 
  custom:container-demuxer-webm: 4f35f7cbe854078d1ac9338744f61a02 -> 
  custom:container-demuxer-ogg: 62fdf1f143b41e24485cea50d1cbac27 -> 
  custom:video-encoder-webm-vp8: eb34c28f22e8b96e1ab97ce403110664 -> 
  custom:video-codec-MediaFoundation-h265: 746d11721c4dcdbdad8f713fa42b33f4 -> 
  custom:video-decoder-webm-vp8: 9c59270c3fd7afecdb556c50c9e8de78 -> 
  custom:audio-decoder-ogg-vorbis: bf7c407c2cedff20999df2af8eb42d56 -> 
  custom:audio-encoder-webm-vorbis: bf7c407c2cedff20999df2af8eb42d56 -> 
========================================================================
Received Prepare
Registering precompiled user dll's ...
Registered in 0.006430 seconds.
Begin MonoManager ReloadAssembly
Symbol file LoadedFromMemory doesn't match image C:\Unity Programmering\Repos_3D\Bloons FPS\Bloons_FPS\Bloons FPS\Library\PackageCache\com.unity.visualscripting@1.6.1\Editor\VisualScripting.Core\Dependencies\YamlDotNet\Unity.VisualScripting.YamlDotNet.dll
Symbol file LoadedFromMemory doesn't match image C:\Unity Programmering\Repos_3D\Bloons FPS\Bloons_FPS\Bloons FPS\Library\PackageCache\com.unity.visualscripting@1.6.1\Editor\VisualScripting.Core\Dependencies\DotNetZip\Unity.VisualScripting.IonicZip.dll
Native extension for WindowsStandalone target not found
Native extension for WebGL target not found
Refreshing native plugins compatible for Editor in 0.74 ms, found 3 plugins.
Preloading 0 native plugins for Editor in 0.00 ms.
Warning: Annotation not found!
UnityEngine.StackTraceUtility:ExtractStackTrace ()
UnityEditor.ProBuilder.EditorUtility:SetGizmoIconEnabled (System.Type,bool) (at Library/PackageCache/com.unity.probuilder@5.0.3/Editor/EditorCore/EditorUtility.cs:575)
UnityEditor.ProBuilder.HierarchyListener:.cctor () (at Library/PackageCache/com.unity.probuilder@5.0.3/Editor/EditorCore/HierarchyListener.cs:21)
System.Runtime.CompilerServices.RuntimeHelpers:RunClassConstructor (System.RuntimeTypeHandle)
UnityEditor.EditorAssemblies:ProcessInitializeOnLoadAttributes (System.Type[])

[Library/PackageCache/com.unity.probuilder@5.0.3/Editor/EditorCore/EditorUtility.cs line 575]

Mono: successfully reloaded assembly
- Completed reload, in  1.231 seconds
Domain Reload Profiling:
	ReloadAssembly (1231ms)
		BeginReloadAssembly (138ms)
			ExecutionOrderSort (0ms)
			DisableScriptedObjects (5ms)
			BackupInstance (0ms)
			ReleaseScriptingObjects (0ms)
			CreateAndSetChildDomain (33ms)
		EndReloadAssembly (1025ms)
			LoadAssemblies (104ms)
			RebuildTransferFunctionScriptingTraits (0ms)
			SetupTypeCache (356ms)
			ReleaseScriptCaches (1ms)
			RebuildScriptCaches (48ms)
			SetupLoadedEditorAssemblies (417ms)
				LogAssemblyErrors (0ms)
				InitializePlatformSupportModulesInManaged (6ms)
				SetLoadedEditorAssemblies (0ms)
				RefreshPlugins (1ms)
				BeforeProcessingInitializeOnLoad (62ms)
				ProcessInitializeOnLoadAttributes (336ms)
				ProcessInitializeOnLoadMethodAttributes (4ms)
				AfterProcessingInitializeOnLoad (8ms)
				EditorAssembliesLoaded (0ms)
			ExecutionOrderSort2 (0ms)
			AwakeInstancesAfterBackupRestoration (7ms)
Platform modules already initialized, skipping
Refreshing native plugins compatible for Editor in 0.74 ms, found 3 plugins.
Preloading 0 native plugins for Editor in 0.00 ms.
Unloading 3412 Unused Serialized files (Serialized files now loaded: 0)
System memory in use before: 153.5 MB.
System memory in use after: 153.4 MB.

Unloading 19 unused Assets to reduce memory usage. Loaded Objects now: 3962.
Total: 4.181200 ms (FindLiveObjects: 0.294800 ms CreateObjectMapping: 0.084100 ms MarkObjects: 3.532300 ms  DeleteObjects: 0.268600 ms)

AssetImportParameters requested are different than current active one (requested -> active):
  custom:framework-win-MediaFoundation: 216162199b28c13a410421893ffa2e32 -> 
  custom:video-decoder-ogg-theora: a1e56fd34408186e4bbccfd4996cb3dc -> 
  custom:container-muxer-webm: aa71ff27fc2769a1b78a27578f13a17b -> 
  custom:container-demuxer-webm: 4f35f7cbe854078d1ac9338744f61a02 -> 
  custom:container-demuxer-ogg: 62fdf1f143b41e24485cea50d1cbac27 -> 
  custom:video-encoder-webm-vp8: eb34c28f22e8b96e1ab97ce403110664 -> 
  custom:video-codec-MediaFoundation-h265: 746d11721c4dcdbdad8f713fa42b33f4 -> 
  custom:video-decoder-webm-vp8: 9c59270c3fd7afecdb556c50c9e8de78 -> 
  custom:audio-decoder-ogg-vorbis: bf7c407c2cedff20999df2af8eb42d56 -> 
  custom:audio-encoder-webm-vorbis: bf7c407c2cedff20999df2af8eb42d56 -> 
========================================================================
Received Prepare
Registering precompiled user dll's ...
Registered in 0.007217 seconds.
Begin MonoManager ReloadAssembly
Symbol file LoadedFromMemory doesn't match image C:\Unity Programmering\Repos_3D\Bloons FPS\Bloons_FPS\Bloons FPS\Library\PackageCache\com.unity.visualscripting@1.6.1\Editor\VisualScripting.Core\Dependencies\YamlDotNet\Unity.VisualScripting.YamlDotNet.dll
Symbol file LoadedFromMemory doesn't match image C:\Unity Programmering\Repos_3D\Bloons FPS\Bloons_FPS\Bloons FPS\Library\PackageCache\com.unity.visualscripting@1.6.1\Editor\VisualScripting.Core\Dependencies\DotNetZip\Unity.VisualScripting.IonicZip.dll
Native extension for WindowsStandalone target not found
Native extension for WebGL target not found
Refreshing native plugins compatible for Editor in 0.76 ms, found 3 plugins.
Preloading 0 native plugins for Editor in 0.00 ms.
Warning: Annotation not found!
UnityEngine.StackTraceUtility:ExtractStackTrace ()
UnityEditor.ProBuilder.EditorUtility:SetGizmoIconEnabled (System.Type,bool) (at Library/PackageCache/com.unity.probuilder@5.0.3/Editor/EditorCore/EditorUtility.cs:575)
UnityEditor.ProBuilder.HierarchyListener:.cctor () (at Library/PackageCache/com.unity.probuilder@5.0.3/Editor/EditorCore/HierarchyListener.cs:21)
System.Runtime.CompilerServices.RuntimeHelpers:RunClassConstructor (System.RuntimeTypeHandle)
UnityEditor.EditorAssemblies:ProcessInitializeOnLoadAttributes (System.Type[])

[Library/PackageCache/com.unity.probuilder@5.0.3/Editor/EditorCore/EditorUtility.cs line 575]

Mono: successfully reloaded assembly
- Completed reload, in  1.209 seconds
Domain Reload Profiling:
	ReloadAssembly (1210ms)
		BeginReloadAssembly (139ms)
			ExecutionOrderSort (0ms)
			DisableScriptedObjects (5ms)
			BackupInstance (0ms)
			ReleaseScriptingObjects (0ms)
			CreateAndSetChildDomain (35ms)
		EndReloadAssembly (1002ms)
			LoadAssemblies (106ms)
			RebuildTransferFunctionScriptingTraits (0ms)
			SetupTypeCache (340ms)
			ReleaseScriptCaches (1ms)
			RebuildScriptCaches (48ms)
			SetupLoadedEditorAssemblies (409ms)
				LogAssemblyErrors (0ms)
				InitializePlatformSupportModulesInManaged (6ms)
				SetLoadedEditorAssemblies (0ms)
				RefreshPlugins (1ms)
				BeforeProcessingInitializeOnLoad (65ms)
				ProcessInitializeOnLoadAttributes (325ms)
				ProcessInitializeOnLoadMethodAttributes (4ms)
				AfterProcessingInitializeOnLoad (8ms)
				EditorAssembliesLoaded (0ms)
			ExecutionOrderSort2 (0ms)
			AwakeInstancesAfterBackupRestoration (7ms)
Platform modules already initialized, skipping
Refreshing native plugins compatible for Editor in 0.74 ms, found 3 plugins.
Preloading 0 native plugins for Editor in 0.00 ms.
Unloading 3412 Unused Serialized files (Serialized files now loaded: 0)
System memory in use before: 153.5 MB.
System memory in use after: 153.4 MB.

Unloading 19 unused Assets to reduce memory usage. Loaded Objects now: 3964.
Total: 3.772100 ms (FindLiveObjects: 0.283300 ms CreateObjectMapping: 0.084000 ms MarkObjects: 3.150000 ms  DeleteObjects: 0.253500 ms)

AssetImportParameters requested are different than current active one (requested -> active):
  custom:framework-win-MediaFoundation: 216162199b28c13a410421893ffa2e32 -> 
  custom:video-decoder-ogg-theora: a1e56fd34408186e4bbccfd4996cb3dc -> 
  custom:container-muxer-webm: aa71ff27fc2769a1b78a27578f13a17b -> 
  custom:container-demuxer-webm: 4f35f7cbe854078d1ac9338744f61a02 -> 
  custom:container-demuxer-ogg: 62fdf1f143b41e24485cea50d1cbac27 -> 
  custom:video-encoder-webm-vp8: eb34c28f22e8b96e1ab97ce403110664 -> 
  custom:video-codec-MediaFoundation-h265: 746d11721c4dcdbdad8f713fa42b33f4 -> 
  custom:video-decoder-webm-vp8: 9c59270c3fd7afecdb556c50c9e8de78 -> 
  custom:audio-decoder-ogg-vorbis: bf7c407c2cedff20999df2af8eb42d56 -> 
  custom:audio-encoder-webm-vorbis: bf7c407c2cedff20999df2af8eb42d56 -> 
========================================================================
Received Import Request.
  Time since last request: 214.702940 seconds.
  path: Assets/Prefabs/Bloons 2/Green Bloon.prefab
  artifactKey: Guid(9cffdafc2f178d54ba9cd91222f5fda7) Importer(815301076,1909f56bfc062723c751e8b465ee728b)
Start importing Assets/Prefabs/Bloons 2/Green Bloon.prefab using Guid(9cffdafc2f178d54ba9cd91222f5fda7) Importer(815301076,1909f56bfc062723c751e8b465ee728b)  -> (artifact id: '519c1104d1c30f557e9708ed2ab8196b') in 0.089287 seconds 
========================================================================
Received Import Request.
  Time since last request: 0.000162 seconds.
  path: Assets/Prefabs/Bloons 2/Pink Bloon (1).prefab
  artifactKey: Guid(2ea6cb36f22ace2448f20b46fc8cc5f6) Importer(815301076,1909f56bfc062723c751e8b465ee728b)
Start importing Assets/Prefabs/Bloons 2/Pink Bloon (1).prefab using Guid(2ea6cb36f22ace2448f20b46fc8cc5f6) Importer(815301076,1909f56bfc062723c751e8b465ee728b)  -> (artifact id: '25f46c4faf8e6dbda514d6b124f0306f') in 0.039619 seconds 
========================================================================
Received Import Request.
  Time since last request: 0.000148 seconds.
  path: Assets/Prefabs/Bloons 2/Yellow Bloon.prefab
  artifactKey: Guid(5e96a147266ef094483e0acee7e60d8b) Importer(815301076,1909f56bfc062723c751e8b465ee728b)
Start importing Assets/Prefabs/Bloons 2/Yellow Bloon.prefab using Guid(5e96a147266ef094483e0acee7e60d8b) Importer(815301076,1909f56bfc062723c751e8b465ee728b)  -> (artifact id: 'd648358cc3e8ee958c1356c5dc4c304d') in 0.029521 seconds 
========================================================================
Received Import Request.
  Time since last request: 0.000147 seconds.
  path: Assets/Prefabs/Bloons 2/Blue Bloon.prefab
  artifactKey: Guid(fcd620c4c418f464cb5e532f56234c41) Importer(815301076,1909f56bfc062723c751e8b465ee728b)
Start importing Assets/Prefabs/Bloons 2/Blue Bloon.prefab using Guid(fcd620c4c418f464cb5e532f56234c41) Importer(815301076,1909f56bfc062723c751e8b465ee728b)  -> (artifact id: '2dc92ed203e6a4402003ffd11d78b6d4') in 0.020581 seconds 
========================================================================
Received Import Request.
  Time since last request: 1.234713 seconds.
  path: Assets/Prefabs/Bloons 2/Red Bloon.prefab
  artifactKey: Guid(f77ca8ca8dbc7d745b96e3cee142506d) Importer(815301076,1909f56bfc062723c751e8b465ee728b)
Start importing Assets/Prefabs/Bloons 2/Red Bloon.prefab using Guid(f77ca8ca8dbc7d745b96e3cee142506d) Importer(815301076,1909f56bfc062723c751e8b465ee728b)  -> (artifact id: '8e4d3ea08a71531226303fc1c22130cc') in 0.014393 seconds 
========================================================================
Received Import Request.
  Time since last request: 0.844441 seconds.
  path: Assets/Prefabs/Bloons 2/Blue Bloon.prefab
  artifactKey: Guid(fcd620c4c418f464cb5e532f56234c41) Importer(815301076,1909f56bfc062723c751e8b465ee728b)
Start importing Assets/Prefabs/Bloons 2/Blue Bloon.prefab using Guid(fcd620c4c418f464cb5e532f56234c41) Importer(815301076,1909f56bfc062723c751e8b465ee728b)  -> (artifact id: 'bb303be9ca1f22b10a70433fcb26d746') in 0.022475 seconds 
========================================================================
Received Import Request.
  Time since last request: 0.000224 seconds.
  path: Assets/Prefabs/Bloons 2/Green Bloon.prefab
  artifactKey: Guid(9cffdafc2f178d54ba9cd91222f5fda7) Importer(815301076,1909f56bfc062723c751e8b465ee728b)
Start importing Assets/Prefabs/Bloons 2/Green Bloon.prefab using Guid(9cffdafc2f178d54ba9cd91222f5fda7) Importer(815301076,1909f56bfc062723c751e8b465ee728b)  -> (artifact id: 'baf42ef6b8990fdec6be44364282b250') in 0.025864 seconds 
========================================================================
Received Import Request.
  Time since last request: 0.000162 seconds.
  path: Assets/Prefabs/Bloons 2/Pink Bloon (1).prefab
  artifactKey: Guid(2ea6cb36f22ace2448f20b46fc8cc5f6) Importer(815301076,1909f56bfc062723c751e8b465ee728b)
Start importing Assets/Prefabs/Bloons 2/Pink Bloon (1).prefab using Guid(2ea6cb36f22ace2448f20b46fc8cc5f6) Importer(815301076,1909f56bfc062723c751e8b465ee728b)  -> (artifact id: '3c13e8b1f1eb516ac18c79001088e97a') in 0.038214 seconds 
========================================================================
Received Import Request.
  Time since last request: 0.000179 seconds.
  path: Assets/Prefabs/Bloons 2/Yellow Bloon.prefab
  artifactKey: Guid(5e96a147266ef094483e0acee7e60d8b) Importer(815301076,1909f56bfc062723c751e8b465ee728b)
Start importing Assets/Prefabs/Bloons 2/Yellow Bloon.prefab using Guid(5e96a147266ef094483e0acee7e60d8b) Importer(815301076,1909f56bfc062723c751e8b465ee728b)  -> (artifact id: '2aca9fbba4a05ae39b9fe566df8d6349') in 0.032668 seconds 
========================================================================
Received Import Request.
  Time since last request: 4.734882 seconds.
  path: Assets/Prefabs/Bloons 2/Blue Bloon.prefab
  artifactKey: Guid(fcd620c4c418f464cb5e532f56234c41) Importer(815301076,1909f56bfc062723c751e8b465ee728b)
Start importing Assets/Prefabs/Bloons 2/Blue Bloon.prefab using Guid(fcd620c4c418f464cb5e532f56234c41) Importer(815301076,1909f56bfc062723c751e8b465ee728b)  -> (artifact id: '891d4cc9fc4c47f785a12371e68bd59e') in 0.017800 seconds 
========================================================================
Received Import Request.
  Time since last request: 0.000193 seconds.
  path: Assets/Prefabs/Bloons 2/Green Bloon.prefab
  artifactKey: Guid(9cffdafc2f178d54ba9cd91222f5fda7) Importer(815301076,1909f56bfc062723c751e8b465ee728b)
Start importing Assets/Prefabs/Bloons 2/Green Bloon.prefab using Guid(9cffdafc2f178d54ba9cd91222f5fda7) Importer(815301076,1909f56bfc062723c751e8b465ee728b)  -> (artifact id: '2223be79b6bd78b01724a18794e28133') in 0.027999 seconds 
========================================================================
Received Import Request.
  Time since last request: 0.000166 seconds.
  path: Assets/Prefabs/Bloons 2/Pink Bloon (1).prefab
  artifactKey: Guid(2ea6cb36f22ace2448f20b46fc8cc5f6) Importer(815301076,1909f56bfc062723c751e8b465ee728b)
Start importing Assets/Prefabs/Bloons 2/Pink Bloon (1).prefab using Guid(2ea6cb36f22ace2448f20b46fc8cc5f6) Importer(815301076,1909f56bfc062723c751e8b465ee728b)  -> (artifact id: '8a15a4bb35c0d9eb01b9e8ec5a9b8812') in 0.037157 seconds 
========================================================================
Received Import Request.
  Time since last request: 0.000177 seconds.
  path: Assets/Prefabs/Bloons 2/Yellow Bloon.prefab
  artifactKey: Guid(5e96a147266ef094483e0acee7e60d8b) Importer(815301076,1909f56bfc062723c751e8b465ee728b)
Start importing Assets/Prefabs/Bloons 2/Yellow Bloon.prefab using Guid(5e96a147266ef094483e0acee7e60d8b) Importer(815301076,1909f56bfc062723c751e8b465ee728b)  -> (artifact id: '667ab28e656cdd125828cbc63116d77a') in 0.034021 seconds 
========================================================================
Received Prepare
Registering precompiled user dll's ...
Registered in 0.006439 seconds.
Begin MonoManager ReloadAssembly
Symbol file LoadedFromMemory doesn't match image C:\Unity Programmering\Repos_3D\Bloons FPS\Bloons_FPS\Bloons FPS\Library\PackageCache\com.unity.visualscripting@1.6.1\Editor\VisualScripting.Core\Dependencies\YamlDotNet\Unity.VisualScripting.YamlDotNet.dll
Symbol file LoadedFromMemory doesn't match image C:\Unity Programmering\Repos_3D\Bloons FPS\Bloons_FPS\Bloons FPS\Library\PackageCache\com.unity.visualscripting@1.6.1\Editor\VisualScripting.Core\Dependencies\DotNetZip\Unity.VisualScripting.IonicZip.dll
Native extension for WindowsStandalone target not found
Native extension for WebGL target not found
Refreshing native plugins compatible for Editor in 0.73 ms, found 3 plugins.
Preloading 0 native plugins for Editor in 0.00 ms.
Warning: Annotation not found!
UnityEngine.StackTraceUtility:ExtractStackTrace ()
UnityEditor.ProBuilder.EditorUtility:SetGizmoIconEnabled (System.Type,bool) (at Library/PackageCache/com.unity.probuilder@5.0.3/Editor/EditorCore/EditorUtility.cs:575)
UnityEditor.ProBuilder.HierarchyListener:.cctor () (at Library/PackageCache/com.unity.probuilder@5.0.3/Editor/EditorCore/HierarchyListener.cs:21)
System.Runtime.CompilerServices.RuntimeHelpers:RunClassConstructor (System.RuntimeTypeHandle)
UnityEditor.EditorAssemblies:ProcessInitializeOnLoadAttributes (System.Type[])

[Library/PackageCache/com.unity.probuilder@5.0.3/Editor/EditorCore/EditorUtility.cs line 575]

Mono: successfully reloaded assembly
- Completed reload, in  1.240 seconds
Domain Reload Profiling:
	ReloadAssembly (1241ms)
		BeginReloadAssembly (136ms)
			ExecutionOrderSort (0ms)
			DisableScriptedObjects (5ms)
			BackupInstance (0ms)
			ReleaseScriptingObjects (0ms)
			CreateAndSetChildDomain (37ms)
		EndReloadAssembly (1034ms)
			LoadAssemblies (107ms)
			RebuildTransferFunctionScriptingTraits (0ms)
			SetupTypeCache (361ms)
			ReleaseScriptCaches (1ms)
			RebuildScriptCaches (42ms)
			SetupLoadedEditorAssemblies (420ms)
				LogAssemblyErrors (0ms)
				InitializePlatformSupportModulesInManaged (6ms)
				SetLoadedEditorAssemblies (0ms)
				RefreshPlugins (1ms)
				BeforeProcessingInitializeOnLoad (63ms)
				ProcessInitializeOnLoadAttributes (337ms)
				ProcessInitializeOnLoadMethodAttributes (4ms)
				AfterProcessingInitializeOnLoad (9ms)
				EditorAssembliesLoaded (0ms)
			ExecutionOrderSort2 (0ms)
			AwakeInstancesAfterBackupRestoration (9ms)
Platform modules already initialized, skipping
Refreshing native plugins compatible for Editor in 0.74 ms, found 3 plugins.
Preloading 0 native plugins for Editor in 0.00 ms.
Unloading 3412 Unused Serialized files (Serialized files now loaded: 0)
System memory in use before: 153.6 MB.
System memory in use after: 153.5 MB.

Unloading 19 unused Assets to reduce memory usage. Loaded Objects now: 3966.
Total: 3.955300 ms (FindLiveObjects: 0.285800 ms CreateObjectMapping: 0.084000 ms MarkObjects: 3.337600 ms  DeleteObjects: 0.247000 ms)

AssetImportParameters requested are different than current active one (requested -> active):
  custom:framework-win-MediaFoundation: 216162199b28c13a410421893ffa2e32 -> 
  custom:video-decoder-ogg-theora: a1e56fd34408186e4bbccfd4996cb3dc -> 
  custom:container-muxer-webm: aa71ff27fc2769a1b78a27578f13a17b -> 
  custom:container-demuxer-webm: 4f35f7cbe854078d1ac9338744f61a02 -> 
  custom:container-demuxer-ogg: 62fdf1f143b41e24485cea50d1cbac27 -> 
  custom:video-encoder-webm-vp8: eb34c28f22e8b96e1ab97ce403110664 -> 
  custom:video-codec-MediaFoundation-h265: 746d11721c4dcdbdad8f713fa42b33f4 -> 
  custom:video-decoder-webm-vp8: 9c59270c3fd7afecdb556c50c9e8de78 -> 
  custom:audio-decoder-ogg-vorbis: bf7c407c2cedff20999df2af8eb42d56 -> 
  custom:audio-encoder-webm-vorbis: bf7c407c2cedff20999df2af8eb42d56 -> 
